C51 COMPILER V9.57.0.0   NUM                                                               12/15/2020 09:37:57 PAGE 1   


C51 COMPILER V9.57.0.0, COMPILATION OF MODULE NUM
OBJECT MODULE PLACED IN .\Objects\num.obj
COMPILER INVOKED BY: C:\Keil\C51\BIN\C51.EXE User\num.c OPTIMIZE(8,SPEED) BROWSE INCDIR(.\Include) DEBUG OBJECTEXTEND PR
                    -INT(.\Listings\num.lst) TABS(2) OBJECT(.\Objects\num.obj)

line level    source

   1          /**
   2          * @file:num.c
   3          * @copyright:Copyright 2020-2021 SGMW. Co. Ltd. All Rights Reserved.
   4          * @brief:数码管
   5          * @detail:
   6          * @author:郭轩铭
   7          * @date:2020-11-27
   8          * @version:v1.0
   9          * @record:修改记录
  10          */
  11          
  12          #include "num.h"
  13          
  14          /**
  15          * @brief:延时函数
  16          * @Name:Delay
  17          * @author: 郭轩铭
  18          * @Data:2020-11-27
  19          * @version:V1.0
  20          * @param:
  21          * @return:
  22          **/
  23          void Delay(u16 i)
  24          {
  25   1          while(--i);
  26   1      }
  27          
  28          /**
  29          * @brief:计算各位显示
  30          * @Name:Cal
  31          * @author: 郭轩铭
  32          * @Data:2020-11-27
  33          * @version:V1.0
  34          * @param:空
  35          * @return:空
  36          **/
  37          void Cal()
  38          {
  39   1        light[2] = num % 1000 / 100;
  40   1        light[1] = num % 1000 % 100 / 10;
  41   1        light[0] = num % 1000 % 10 % 10;
  42   1        //light[0] = num % 10;
  43   1        ReadBuff[2] = light[0] + '0';
  44   1        ReadBuff[1] = light[1] + '0';
  45   1        ReadBuff[0] = light[2] + '0';
  46   1      }
  47          
  48          /**
  49          * @brief:138译码器
  50          * @Name:Drive138
  51          * @author: 郭轩铭
  52          * @Data:2020-11-27
  53          * @version:V1.0
  54          * @param:空
C51 COMPILER V9.57.0.0   NUM                                                               12/15/2020 09:37:57 PAGE 2   

  55          * @return:空
  56          **/
  57          void Drive138(u8 num)
  58          {
  59   1        LSA = num & 0x01;
  60   1        LSB = (num & 0x02) >> 1; 
  61   1        LSC = (num & 0x04) >> 2;
  62   1      }
  63          
  64          /**
  65          * @brief:显示数码管
  66          * @Name:DisplayNum
  67          * @author: 郭轩铭
  68          * @Data:2020-11-27
  69          * @version:V1.0
  70          * @param:空
  71          * @return:空
  72          **/
  73          void DisplayNum()
  74          {
  75   1        int i = 0;
  76   1        for(;i<3;i++)
  77   1        {
  78   2          Drive138(i);
  79   2          P0 = smgduan[light[i]];
  80   2          Delay(200);
  81   2        }
  82   1      }


MODULE INFORMATION:   STATIC OVERLAYABLE
   CODE SIZE        =    185    ----
   CONSTANT SIZE    =   ----    ----
   XDATA SIZE       =   ----    ----
   PDATA SIZE       =   ----    ----
   DATA SIZE        =   ----    ----
   IDATA SIZE       =   ----    ----
   BIT SIZE         =   ----    ----
END OF MODULE INFORMATION.


C51 COMPILATION COMPLETE.  0 WARNING(S),  0 ERROR(S)
